12:28:34 INFO  tests.TestBase - Method registrationPositive is started
12:28:34 INFO  manager.TestNgListener - Test registrationPositive invoked
12:28:34 INFO  manager.WdListener - Start searching element -----> By.xpath: //*[.='LOGIN']
12:28:35 INFO  manager.WdListener - Element with locator -----> By.xpath: //*[.='LOGIN'] is found
12:28:35 INFO  manager.WdListener - Start searching element -----> By.xpath: //input[1]
12:28:35 INFO  manager.WdListener - Element with locator -----> By.xpath: //input[1] is found
12:28:36 INFO  manager.WdListener - Start searching element -----> By.xpath: input[2]
12:28:41 INFO  manager.WdListener - Something went wrong!
12:28:41 INFO  manager.WdListener - no such element: Unable to locate element: {"method":"xpath","selector":"input[2]"}
  (Session info: chrome=114.0.5735.198)
For documentation on this error, please visit: https://www.seleniumhq.org/exceptions/no_such_element.html
Build info: version: '3.141.59', revision: 'e82be7d358', time: '2018-11-14T08:17:03'
System info: host: 'MacBook-Air-Maria.local', ip: 'fe80:0:0:0:10c6:ab29:bdc3:bf9b%en0', os.name: 'Mac OS X', os.arch: 'x86_64', os.version: '13.3.1', java.version: '1.8.0_333'
Driver info: org.openqa.selenium.chrome.ChromeDriver
Capabilities {acceptInsecureCerts: false, browserName: chrome, browserVersion: 114.0.5735.198, chrome: {chromedriverVersion: 114.0.5735.90 (386bc09e8f4f..., userDataDir: /var/folders/ly/hznt1z_11wb...}, goog:chromeOptions: {debuggerAddress: localhost:54936}, javascriptEnabled: true, networkConnectionEnabled: false, pageLoadStrategy: normal, platform: MAC, platformName: MAC, proxy: Proxy(), setWindowRect: true, strictFileInteractability: false, timeouts: {implicit: 0, pageLoad: 300000, script: 30000}, unhandledPromptBehavior: dismiss and notify, webauthn:extension:credBlob: true, webauthn:extension:largeBlob: true, webauthn:extension:minPinLength: true, webauthn:extension:prf: true, webauthn:virtualAuthenticators: true}
Session ID: c42ed6b2af1f3172e109c6dc8c896d03
*** Element info: {Using=xpath, value=input[2]}
12:28:41 INFO  manager.WdListener - org.openqa.selenium.NoSuchElementException: no such element: Unable to locate element: {"method":"xpath","selector":"input[2]"}
  (Session info: chrome=114.0.5735.198)
For documentation on this error, please visit: https://www.seleniumhq.org/exceptions/no_such_element.html
Build info: version: '3.141.59', revision: 'e82be7d358', time: '2018-11-14T08:17:03'
System info: host: 'MacBook-Air-Maria.local', ip: 'fe80:0:0:0:10c6:ab29:bdc3:bf9b%en0', os.name: 'Mac OS X', os.arch: 'x86_64', os.version: '13.3.1', java.version: '1.8.0_333'
Driver info: org.openqa.selenium.chrome.ChromeDriver
Capabilities {acceptInsecureCerts: false, browserName: chrome, browserVersion: 114.0.5735.198, chrome: {chromedriverVersion: 114.0.5735.90 (386bc09e8f4f..., userDataDir: /var/folders/ly/hznt1z_11wb...}, goog:chromeOptions: {debuggerAddress: localhost:54936}, javascriptEnabled: true, networkConnectionEnabled: false, pageLoadStrategy: normal, platform: MAC, platformName: MAC, proxy: Proxy(), setWindowRect: true, strictFileInteractability: false, timeouts: {implicit: 0, pageLoad: 300000, script: 30000}, unhandledPromptBehavior: dismiss and notify, webauthn:extension:credBlob: true, webauthn:extension:largeBlob: true, webauthn:extension:minPinLength: true, webauthn:extension:prf: true, webauthn:virtualAuthenticators: true}
Session ID: c42ed6b2af1f3172e109c6dc8c896d03
*** Element info: {Using=xpath, value=input[2]}
12:28:41 INFO  manager.WdListener - This is a link to screenshot with error ----> src/test/screenshots/screen-1721.png
12:28:41 INFO  manager.TestNgListener - Test registrationPositive failed: org.openqa.selenium.NoSuchElementException: no such element: Unable to locate element: {"method":"xpath","selector":"input[2]"}
  (Session info: chrome=114.0.5735.198)
For documentation on this error, please visit: https://www.seleniumhq.org/exceptions/no_such_element.html
Build info: version: '3.141.59', revision: 'e82be7d358', time: '2018-11-14T08:17:03'
System info: host: 'MacBook-Air-Maria.local', ip: 'fe80:0:0:0:10c6:ab29:bdc3:bf9b%en0', os.name: 'Mac OS X', os.arch: 'x86_64', os.version: '13.3.1', java.version: '1.8.0_333'
Driver info: org.openqa.selenium.chrome.ChromeDriver
Capabilities {acceptInsecureCerts: false, browserName: chrome, browserVersion: 114.0.5735.198, chrome: {chromedriverVersion: 114.0.5735.90 (386bc09e8f4f..., userDataDir: /var/folders/ly/hznt1z_11wb...}, goog:chromeOptions: {debuggerAddress: localhost:54936}, javascriptEnabled: true, networkConnectionEnabled: false, pageLoadStrategy: normal, platform: MAC, platformName: MAC, proxy: Proxy(), setWindowRect: true, strictFileInteractability: false, timeouts: {implicit: 0, pageLoad: 300000, script: 30000}, unhandledPromptBehavior: dismiss and notify, webauthn:extension:credBlob: true, webauthn:extension:largeBlob: true, webauthn:extension:minPinLength: true, webauthn:extension:prf: true, webauthn:virtualAuthenticators: true}
Session ID: c42ed6b2af1f3172e109c6dc8c896d03
*** Element info: {Using=xpath, value=input[2]}
12:28:41 INFO  tests.TestBase - ===================
